2025-12-24 18:28:50,533 - INFO - 日志文件保存路径: outputs/standard_train_20251224_182530/train_log_20251224_182850.log
2025-12-24 18:28:50,534 - INFO - 训练参数保存到: outputs/standard_train_20251224_182530/training_args.json
2025-12-24 18:28:50,665 - INFO - 使用GPU训练: NVIDIA GeForce RTX 4090 D
2025-12-24 18:28:50,666 - INFO - 加载数据集...
2025-12-24 18:28:50,683 - INFO - 训练集样本数: 6640
2025-12-24 18:28:50,684 - INFO - 验证集样本数: 1664
2025-12-24 18:28:50,684 - INFO - 类别: ['city street', 'gas stations', 'highway', 'parking lot', 'residential', 'tunnel', 'unknown']
2025-12-24 18:28:50,684 - INFO - 类别信息保存到: outputs/standard_train_20251224_182530/class_names.txt
2025-12-24 18:28:50,684 - INFO - 初始化模型...
2025-12-24 18:28:50,754 - INFO - 正在加载预训练权重: weights/repghostnet_2_0x_weights.pth
2025-12-24 18:28:52,176 - INFO - 检测到数字索引格式的权重文件，按顺序映射参数
2025-12-24 18:28:52,209 - INFO - 成功加载预训练权重: 671/672 层
2025-12-24 18:28:52,209 - INFO - 跳过 1 个不匹配的参数
2025-12-24 18:28:52,209 - INFO - 分类层已加载
2025-12-24 18:28:52,212 - INFO - 模型参数总数: 10,981,691
2025-12-24 18:28:52,212 - INFO - 可训练参数: 10,981,691
2025-12-24 18:28:52,398 - INFO - 开始训练...
2025-12-24 18:28:55,834 - INFO - Epoch [0/100] Batch [0/52] Loss: 3.7417 Acc: 10.16%
2025-12-24 18:29:31,728 - INFO - Epoch [0/100] Batch [20/52] Loss: 1.7604 Acc: 34.86%
2025-12-24 18:30:13,701 - INFO - Epoch [0/100] Batch [40/52] Loss: 1.4593 Acc: 38.87%
2025-12-24 18:30:45,269 - INFO - 新的最佳验证准确率: 53.61%
2025-12-24 18:30:45,610 - INFO - Epoch [1/100] Train Loss: 3.7563 Train Acc: 40.83% Val Loss: 1.4054 Val Acc: 53.61% LR: 0.002000 Time: 113.21s
2025-12-24 18:30:47,381 - INFO - Epoch [1/100] Batch [0/52] Loss: 1.5221 Acc: 47.66%
2025-12-24 18:31:20,925 - INFO - Epoch [1/100] Batch [20/52] Loss: 1.3329 Acc: 52.12%
2025-12-24 18:31:54,203 - INFO - Epoch [1/100] Batch [40/52] Loss: 1.2853 Acc: 54.61%
2025-12-24 18:32:25,240 - INFO - 新的最佳验证准确率: 58.53%
2025-12-24 18:32:25,639 - INFO - Epoch [2/100] Train Loss: 1.3704 Train Acc: 55.02% Val Loss: 1.2695 Val Acc: 58.53% LR: 0.002000 Time: 100.03s
2025-12-24 18:32:27,228 - INFO - Epoch [2/100] Batch [0/52] Loss: 1.2154 Acc: 64.84%
2025-12-24 18:33:00,158 - INFO - Epoch [2/100] Batch [20/52] Loss: 1.2506 Acc: 57.66%
2025-12-24 18:33:32,477 - INFO - Epoch [2/100] Batch [40/52] Loss: 1.2099 Acc: 59.72%
2025-12-24 18:34:03,216 - INFO - 新的最佳验证准确率: 63.16%
2025-12-24 18:34:03,571 - INFO - Epoch [3/100] Train Loss: 1.2588 Train Acc: 59.80% Val Loss: 1.2259 Val Acc: 63.16% LR: 0.001998 Time: 97.93s
2025-12-24 18:34:05,186 - INFO - Epoch [3/100] Batch [0/52] Loss: 1.1917 Acc: 64.06%
2025-12-24 18:34:37,975 - INFO - Epoch [3/100] Batch [20/52] Loss: 1.1123 Acc: 64.51%
2025-12-24 18:35:12,236 - INFO - Epoch [3/100] Batch [40/52] Loss: 1.0083 Acc: 65.45%
2025-12-24 18:35:42,793 - INFO - 新的最佳验证准确率: 67.91%
2025-12-24 18:35:43,184 - INFO - Epoch [4/100] Train Loss: 1.1475 Train Acc: 65.48% Val Loss: 1.1059 Val Acc: 67.91% LR: 0.001996 Time: 99.61s
2025-12-24 18:35:44,851 - INFO - Epoch [4/100] Batch [0/52] Loss: 0.9829 Acc: 75.78%
2025-12-24 18:36:17,352 - INFO - Epoch [4/100] Batch [20/52] Loss: 1.0768 Acc: 68.94%
2025-12-24 18:36:50,178 - INFO - Epoch [4/100] Batch [40/52] Loss: 1.1016 Acc: 69.21%
2025-12-24 18:37:19,614 - INFO - Epoch [5/100] Train Loss: 1.0792 Train Acc: 68.95% Val Loss: 1.1363 Val Acc: 64.66% LR: 0.001992 Time: 96.43s
2025-12-24 18:37:21,228 - INFO - Epoch [5/100] Batch [0/52] Loss: 0.9765 Acc: 74.22%
2025-12-24 18:37:52,929 - INFO - Epoch [5/100] Batch [20/52] Loss: 1.0089 Acc: 71.73%
2025-12-24 18:38:24,924 - INFO - Epoch [5/100] Batch [40/52] Loss: 0.9186 Acc: 72.20%
2025-12-24 18:38:54,146 - INFO - 新的最佳验证准确率: 70.43%
2025-12-24 18:38:54,537 - INFO - Epoch [6/100] Train Loss: 1.0138 Train Acc: 72.20% Val Loss: 1.0592 Val Acc: 70.43% LR: 0.001988 Time: 94.92s
2025-12-24 18:38:56,092 - INFO - Epoch [6/100] Batch [0/52] Loss: 0.9683 Acc: 76.56%
2025-12-24 18:39:28,875 - INFO - Epoch [6/100] Batch [20/52] Loss: 1.0645 Acc: 75.60%
2025-12-24 18:40:00,715 - INFO - Epoch [6/100] Batch [40/52] Loss: 1.0206 Acc: 74.75%
2025-12-24 18:40:29,707 - INFO - Epoch [7/100] Train Loss: 0.9804 Train Acc: 74.10% Val Loss: 1.1437 Val Acc: 67.85% LR: 0.001982 Time: 95.17s
2025-12-24 18:40:31,314 - INFO - Epoch [7/100] Batch [0/52] Loss: 0.9930 Acc: 73.44%
2025-12-24 18:41:04,670 - INFO - Epoch [7/100] Batch [20/52] Loss: 0.9843 Acc: 77.42%
2025-12-24 18:41:37,748 - INFO - Epoch [7/100] Batch [40/52] Loss: 0.8811 Acc: 76.01%
2025-12-24 18:42:10,926 - INFO - Epoch [8/100] Train Loss: 0.9479 Train Acc: 75.66% Val Loss: 1.0724 Val Acc: 69.41% LR: 0.001976 Time: 101.22s
2025-12-24 18:42:12,500 - INFO - Epoch [8/100] Batch [0/52] Loss: 0.9658 Acc: 74.22%
2025-12-24 18:42:45,631 - INFO - Epoch [8/100] Batch [20/52] Loss: 0.7718 Acc: 77.79%
2025-12-24 18:43:18,811 - INFO - Epoch [8/100] Batch [40/52] Loss: 1.0288 Acc: 77.92%
2025-12-24 18:43:48,980 - INFO - Epoch [9/100] Train Loss: 0.9249 Train Acc: 77.21% Val Loss: 1.0829 Val Acc: 68.93% LR: 0.001969 Time: 98.05s
2025-12-24 18:43:50,575 - INFO - Epoch [9/100] Batch [0/52] Loss: 0.8743 Acc: 77.34%
2025-12-24 18:44:23,093 - INFO - Epoch [9/100] Batch [20/52] Loss: 0.7941 Acc: 79.43%
2025-12-24 18:44:58,664 - INFO - Epoch [9/100] Batch [40/52] Loss: 0.8937 Acc: 79.48%
2025-12-24 18:45:28,920 - INFO - Epoch [10/100] Train Loss: 0.8721 Train Acc: 79.14% Val Loss: 1.1146 Val Acc: 69.53% LR: 0.001960 Time: 99.94s
2025-12-24 18:45:30,437 - INFO - Epoch [10/100] Batch [0/52] Loss: 0.8160 Acc: 82.03%
2025-12-24 18:46:02,603 - INFO - Epoch [10/100] Batch [20/52] Loss: 0.8341 Acc: 83.11%
2025-12-24 18:46:35,992 - INFO - Epoch [10/100] Batch [40/52] Loss: 0.8361 Acc: 82.03%
2025-12-24 18:47:06,615 - INFO - Epoch [11/100] Train Loss: 0.8414 Train Acc: 81.66% Val Loss: 1.1204 Val Acc: 68.75% LR: 0.001951 Time: 97.69s
2025-12-24 18:47:08,325 - INFO - Epoch [11/100] Batch [0/52] Loss: 0.7820 Acc: 87.50%
2025-12-24 18:47:40,778 - INFO - Epoch [11/100] Batch [20/52] Loss: 0.7862 Acc: 83.74%
2025-12-24 18:48:12,979 - INFO - Epoch [11/100] Batch [40/52] Loss: 0.8277 Acc: 82.66%
2025-12-24 18:48:42,763 - INFO - Epoch [12/100] Train Loss: 0.8208 Train Acc: 82.32% Val Loss: 1.0935 Val Acc: 70.37% LR: 0.001941 Time: 96.15s
2025-12-24 18:48:44,375 - INFO - Epoch [12/100] Batch [0/52] Loss: 0.6518 Acc: 92.97%
2025-12-24 18:49:16,219 - INFO - Epoch [12/100] Batch [20/52] Loss: 0.8024 Acc: 85.57%
2025-12-24 18:49:47,993 - INFO - Epoch [12/100] Batch [40/52] Loss: 0.7871 Acc: 85.54%
2025-12-24 18:50:17,227 - INFO - Epoch [13/100] Train Loss: 0.7769 Train Acc: 84.71% Val Loss: 1.1213 Val Acc: 68.21% LR: 0.001930 Time: 94.46s
2025-12-24 18:50:19,408 - INFO - Epoch [13/100] Batch [0/52] Loss: 0.8145 Acc: 80.47%
2025-12-24 18:50:51,729 - INFO - Epoch [13/100] Batch [20/52] Loss: 0.8068 Acc: 85.83%
2025-12-24 18:51:24,436 - INFO - Epoch [13/100] Batch [40/52] Loss: 0.7104 Acc: 85.84%
2025-12-24 18:51:54,108 - INFO - Epoch [14/100] Train Loss: 0.7548 Train Acc: 86.04% Val Loss: 1.1394 Val Acc: 70.25% LR: 0.001918 Time: 96.88s
2025-12-24 18:51:55,748 - INFO - Epoch [14/100] Batch [0/52] Loss: 0.6919 Acc: 88.28%
2025-12-24 18:52:30,302 - INFO - Epoch [14/100] Batch [20/52] Loss: 0.6886 Acc: 88.50%
2025-12-24 18:53:03,559 - INFO - Epoch [14/100] Batch [40/52] Loss: 0.6426 Acc: 87.40%
2025-12-24 18:53:36,871 - INFO - Epoch [15/100] Train Loss: 0.7348 Train Acc: 86.81% Val Loss: 1.1419 Val Acc: 68.45% LR: 0.001905 Time: 102.76s
2025-12-24 18:53:38,539 - INFO - Epoch [15/100] Batch [0/52] Loss: 0.7524 Acc: 85.16%
2025-12-24 18:54:10,186 - INFO - Epoch [15/100] Batch [20/52] Loss: 0.6038 Acc: 87.87%
2025-12-24 18:54:43,545 - INFO - Epoch [15/100] Batch [40/52] Loss: 0.8346 Acc: 87.71%
2025-12-24 18:55:13,595 - INFO - Epoch [16/100] Train Loss: 0.7139 Train Acc: 87.83% Val Loss: 1.2367 Val Acc: 68.99% LR: 0.001891 Time: 96.72s
2025-12-24 18:55:15,134 - INFO - Epoch [16/100] Batch [0/52] Loss: 0.6594 Acc: 91.41%
2025-12-24 18:55:46,155 - INFO - Epoch [16/100] Batch [20/52] Loss: 0.6639 Acc: 89.73%
2025-12-24 18:56:18,402 - INFO - Epoch [16/100] Batch [40/52] Loss: 0.6907 Acc: 89.08%
2025-12-24 18:56:47,715 - INFO - Epoch [17/100] Train Loss: 0.6943 Train Acc: 88.57% Val Loss: 1.2918 Val Acc: 66.17% LR: 0.001876 Time: 94.12s
2025-12-24 18:56:49,318 - INFO - Epoch [17/100] Batch [0/52] Loss: 0.6759 Acc: 92.19%
2025-12-24 18:57:21,560 - INFO - Epoch [17/100] Batch [20/52] Loss: 0.6743 Acc: 90.77%
2025-12-24 18:57:53,414 - INFO - Epoch [17/100] Batch [40/52] Loss: 0.6910 Acc: 91.14%
2025-12-24 18:58:21,943 - INFO - Epoch [18/100] Train Loss: 0.6525 Train Acc: 90.65% Val Loss: 1.3614 Val Acc: 66.83% LR: 0.001861 Time: 94.23s
2025-12-24 18:58:23,453 - INFO - Epoch [18/100] Batch [0/52] Loss: 0.7622 Acc: 85.16%
2025-12-24 18:58:55,683 - INFO - Epoch [18/100] Batch [20/52] Loss: 0.6124 Acc: 90.92%
2025-12-24 18:59:26,792 - INFO - Epoch [18/100] Batch [40/52] Loss: 0.6269 Acc: 90.64%
2025-12-24 18:59:57,584 - INFO - Epoch [19/100] Train Loss: 0.6546 Train Acc: 90.68% Val Loss: 1.1814 Val Acc: 70.19% LR: 0.001844 Time: 95.64s
2025-12-24 18:59:59,142 - INFO - Epoch [19/100] Batch [0/52] Loss: 0.6048 Acc: 94.53%
2025-12-24 19:00:31,169 - INFO - Epoch [19/100] Batch [20/52] Loss: 0.6058 Acc: 93.12%
2025-12-24 19:01:02,296 - INFO - Epoch [19/100] Batch [40/52] Loss: 0.6802 Acc: 92.66%
2025-12-24 19:01:30,990 - INFO - Epoch [20/100] Train Loss: 0.6186 Train Acc: 92.61% Val Loss: 1.2168 Val Acc: 68.93% LR: 0.001827 Time: 93.41s
2025-12-24 19:01:32,587 - INFO - Epoch [20/100] Batch [0/52] Loss: 0.6069 Acc: 91.41%
2025-12-24 19:02:03,282 - INFO - Epoch [20/100] Batch [20/52] Loss: 0.6372 Acc: 92.60%
2025-12-24 19:02:34,913 - INFO - Epoch [20/100] Batch [40/52] Loss: 0.6356 Acc: 92.87%
2025-12-24 19:03:03,061 - INFO - Epoch [21/100] Train Loss: 0.6040 Train Acc: 92.97% Val Loss: 1.2651 Val Acc: 68.87% LR: 0.001809 Time: 92.07s
2025-12-24 19:03:04,619 - INFO - Epoch [21/100] Batch [0/52] Loss: 0.5637 Acc: 94.53%
2025-12-24 19:03:35,338 - INFO - Epoch [21/100] Batch [20/52] Loss: 0.5343 Acc: 94.31%
2025-12-24 19:04:06,604 - INFO - Epoch [21/100] Batch [40/52] Loss: 0.6900 Acc: 93.67%
2025-12-24 19:04:35,630 - INFO - Epoch [22/100] Train Loss: 0.5956 Train Acc: 93.31% Val Loss: 1.2987 Val Acc: 67.97% LR: 0.001790 Time: 92.57s
2025-12-24 19:04:37,229 - INFO - Epoch [22/100] Batch [0/52] Loss: 0.6656 Acc: 89.84%
2025-12-24 19:05:08,927 - INFO - Epoch [22/100] Batch [20/52] Loss: 0.5491 Acc: 93.68%
2025-12-24 19:05:40,311 - INFO - Epoch [22/100] Batch [40/52] Loss: 0.5634 Acc: 93.54%
2025-12-24 19:06:08,488 - INFO - Epoch [23/100] Train Loss: 0.5879 Train Acc: 93.61% Val Loss: 1.2800 Val Acc: 68.51% LR: 0.001771 Time: 92.86s
2025-12-24 19:06:10,059 - INFO - Epoch [23/100] Batch [0/52] Loss: 0.5388 Acc: 96.88%
2025-12-24 19:06:41,230 - INFO - Epoch [23/100] Batch [20/52] Loss: 0.5733 Acc: 93.94%
2025-12-24 19:07:12,755 - INFO - Epoch [23/100] Batch [40/52] Loss: 0.6676 Acc: 93.67%
2025-12-24 19:07:43,002 - INFO - Epoch [24/100] Train Loss: 0.5878 Train Acc: 93.58% Val Loss: 1.2280 Val Acc: 69.89% LR: 0.001750 Time: 94.51s
2025-12-24 19:07:44,707 - INFO - Epoch [24/100] Batch [0/52] Loss: 0.5572 Acc: 94.53%
2025-12-24 19:08:18,098 - INFO - Epoch [24/100] Batch [20/52] Loss: 0.5945 Acc: 95.20%
2025-12-24 19:08:48,698 - INFO - Epoch [24/100] Batch [40/52] Loss: 0.5521 Acc: 94.72%
2025-12-24 19:09:19,555 - INFO - Epoch [25/100] Train Loss: 0.5754 Train Acc: 94.67% Val Loss: 1.2594 Val Acc: 69.83% LR: 0.001729 Time: 96.55s
2025-12-24 19:09:21,082 - INFO - Epoch [25/100] Batch [0/52] Loss: 0.4894 Acc: 97.66%
2025-12-24 19:09:52,243 - INFO - Epoch [25/100] Batch [20/52] Loss: 0.5735 Acc: 95.46%
2025-12-24 19:10:26,633 - INFO - Epoch [25/100] Batch [40/52] Loss: 0.5883 Acc: 95.27%
2025-12-24 19:10:54,924 - INFO - Epoch [26/100] Train Loss: 0.5565 Train Acc: 95.12% Val Loss: 1.2929 Val Acc: 69.11% LR: 0.001707 Time: 95.37s
2025-12-24 19:10:56,451 - INFO - Epoch [26/100] Batch [0/52] Loss: 0.4987 Acc: 97.66%
2025-12-24 19:11:26,566 - INFO - Epoch [26/100] Batch [20/52] Loss: 0.5276 Acc: 95.72%
2025-12-24 19:11:58,117 - INFO - Epoch [26/100] Batch [40/52] Loss: 0.5829 Acc: 95.50%
2025-12-24 19:12:28,337 - INFO - Epoch [27/100] Train Loss: 0.5507 Train Acc: 95.53% Val Loss: 1.2877 Val Acc: 68.99% LR: 0.001685 Time: 93.41s
2025-12-24 19:12:29,908 - INFO - Epoch [27/100] Batch [0/52] Loss: 0.5371 Acc: 95.31%
2025-12-24 19:13:01,680 - INFO - Epoch [27/100] Batch [20/52] Loss: 0.5294 Acc: 95.65%
2025-12-24 19:13:33,966 - INFO - Epoch [27/100] Batch [40/52] Loss: 0.5350 Acc: 95.66%
2025-12-24 19:14:03,672 - INFO - Epoch [28/100] Train Loss: 0.5507 Train Acc: 95.45% Val Loss: 1.3114 Val Acc: 67.91% LR: 0.001661 Time: 95.34s
2025-12-24 19:14:05,253 - INFO - Epoch [28/100] Batch [0/52] Loss: 0.5467 Acc: 96.88%
2025-12-24 19:14:36,579 - INFO - Epoch [28/100] Batch [20/52] Loss: 0.5321 Acc: 96.02%
2025-12-24 19:15:08,231 - INFO - Epoch [28/100] Batch [40/52] Loss: 0.5535 Acc: 95.83%
2025-12-24 19:15:40,903 - INFO - Epoch [29/100] Train Loss: 0.5403 Train Acc: 95.96% Val Loss: 1.2681 Val Acc: 69.59% LR: 0.001638 Time: 97.23s
2025-12-24 19:15:42,502 - INFO - Epoch [29/100] Batch [0/52] Loss: 0.5668 Acc: 92.97%
2025-12-24 19:16:13,811 - INFO - Epoch [29/100] Batch [20/52] Loss: 0.5356 Acc: 96.43%
2025-12-24 19:16:44,522 - INFO - Epoch [29/100] Batch [40/52] Loss: 0.5160 Acc: 96.57%
2025-12-24 19:17:13,226 - INFO - Epoch [30/100] Train Loss: 0.5340 Train Acc: 96.27% Val Loss: 1.2826 Val Acc: 68.93% LR: 0.001613 Time: 92.32s
2025-12-24 19:17:14,787 - INFO - Epoch [30/100] Batch [0/52] Loss: 0.6240 Acc: 92.97%
2025-12-24 19:17:45,953 - INFO - Epoch [30/100] Batch [20/52] Loss: 0.5946 Acc: 96.32%
2025-12-24 19:18:17,848 - INFO - Epoch [30/100] Batch [40/52] Loss: 0.5420 Acc: 96.11%
2025-12-24 19:18:47,050 - INFO - 新的最佳验证准确率: 71.75%
2025-12-24 19:18:47,406 - INFO - Epoch [31/100] Train Loss: 0.5392 Train Acc: 96.23% Val Loss: 1.2554 Val Acc: 71.75% LR: 0.001588 Time: 94.18s
2025-12-24 19:18:48,961 - INFO - Epoch [31/100] Batch [0/52] Loss: 0.4915 Acc: 98.44%
2025-12-24 19:19:22,419 - INFO - Epoch [31/100] Batch [20/52] Loss: 0.5380 Acc: 96.76%
2025-12-24 19:19:53,961 - INFO - Epoch [31/100] Batch [40/52] Loss: 0.5579 Acc: 96.53%
2025-12-24 19:20:22,993 - INFO - Epoch [32/100] Train Loss: 0.5368 Train Acc: 96.31% Val Loss: 1.2942 Val Acc: 68.51% LR: 0.001562 Time: 95.59s
2025-12-24 19:20:24,542 - INFO - Epoch [32/100] Batch [0/52] Loss: 0.5508 Acc: 95.31%
2025-12-24 19:20:56,053 - INFO - Epoch [32/100] Batch [20/52] Loss: 0.4837 Acc: 96.76%
2025-12-24 19:21:28,328 - INFO - Epoch [32/100] Batch [40/52] Loss: 0.4831 Acc: 96.74%
2025-12-24 19:21:57,492 - INFO - Epoch [33/100] Train Loss: 0.5234 Train Acc: 96.72% Val Loss: 1.2585 Val Acc: 70.25% LR: 0.001536 Time: 94.50s
2025-12-24 19:21:59,114 - INFO - Epoch [33/100] Batch [0/52] Loss: 0.4968 Acc: 98.44%
2025-12-24 19:22:29,570 - INFO - Epoch [33/100] Batch [20/52] Loss: 0.5980 Acc: 95.91%
2025-12-24 19:23:00,995 - INFO - Epoch [33/100] Batch [40/52] Loss: 0.5306 Acc: 96.06%
2025-12-24 19:23:30,128 - INFO - Epoch [34/100] Train Loss: 0.5370 Train Acc: 96.22% Val Loss: 1.3611 Val Acc: 68.39% LR: 0.001509 Time: 92.64s
2025-12-24 19:23:31,677 - INFO - Epoch [34/100] Batch [0/52] Loss: 0.5412 Acc: 96.09%
2025-12-24 19:24:03,483 - INFO - Epoch [34/100] Batch [20/52] Loss: 0.5101 Acc: 96.73%
2025-12-24 19:24:35,207 - INFO - Epoch [34/100] Batch [40/52] Loss: 0.5070 Acc: 96.80%
2025-12-24 19:25:05,170 - INFO - Epoch [35/100] Train Loss: 0.5209 Train Acc: 96.75% Val Loss: 1.3019 Val Acc: 68.27% LR: 0.001482 Time: 95.04s
2025-12-24 19:25:06,810 - INFO - Epoch [35/100] Batch [0/52] Loss: 0.5087 Acc: 96.09%
2025-12-24 19:25:38,160 - INFO - Epoch [35/100] Batch [20/52] Loss: 0.5166 Acc: 97.28%
2025-12-24 19:26:08,646 - INFO - Epoch [35/100] Batch [40/52] Loss: 0.5309 Acc: 97.33%
2025-12-24 19:26:40,622 - INFO - Epoch [36/100] Train Loss: 0.5101 Train Acc: 97.27% Val Loss: 1.2939 Val Acc: 70.73% LR: 0.001454 Time: 95.45s
2025-12-24 19:26:42,236 - INFO - Epoch [36/100] Batch [0/52] Loss: 0.4624 Acc: 100.00%
2025-12-24 19:27:14,086 - INFO - Epoch [36/100] Batch [20/52] Loss: 0.5371 Acc: 97.62%
2025-12-24 19:27:47,315 - INFO - Epoch [36/100] Batch [40/52] Loss: 0.4784 Acc: 97.48%
2025-12-24 19:28:15,755 - INFO - Epoch [37/100] Train Loss: 0.5103 Train Acc: 97.36% Val Loss: 1.3602 Val Acc: 67.91% LR: 0.001426 Time: 95.13s
2025-12-24 19:28:17,307 - INFO - Epoch [37/100] Batch [0/52] Loss: 0.5189 Acc: 96.88%
2025-12-24 19:28:52,713 - INFO - Epoch [37/100] Batch [20/52] Loss: 0.4981 Acc: 96.91%
2025-12-24 19:29:23,619 - INFO - Epoch [37/100] Batch [40/52] Loss: 0.5384 Acc: 97.01%
2025-12-24 19:29:51,984 - INFO - Epoch [38/100] Train Loss: 0.5223 Train Acc: 96.81% Val Loss: 1.3118 Val Acc: 68.81% LR: 0.001397 Time: 96.23s
2025-12-24 19:29:53,551 - INFO - Epoch [38/100] Batch [0/52] Loss: 0.4980 Acc: 99.22%
2025-12-24 19:30:25,224 - INFO - Epoch [38/100] Batch [20/52] Loss: 0.4864 Acc: 97.02%
2025-12-24 19:30:56,874 - INFO - Epoch [38/100] Batch [40/52] Loss: 0.4908 Acc: 97.48%
2025-12-24 19:31:25,929 - INFO - Epoch [39/100] Train Loss: 0.5113 Train Acc: 97.32% Val Loss: 1.2995 Val Acc: 69.29% LR: 0.001368 Time: 93.94s
2025-12-24 19:31:27,518 - INFO - Epoch [39/100] Batch [0/52] Loss: 0.4817 Acc: 99.22%
2025-12-24 19:32:00,614 - INFO - Epoch [39/100] Batch [20/52] Loss: 0.5345 Acc: 98.14%
2025-12-24 19:32:31,960 - INFO - Epoch [39/100] Batch [40/52] Loss: 0.4957 Acc: 97.90%
2025-12-24 19:33:02,276 - INFO - Epoch [40/100] Train Loss: 0.4948 Train Acc: 98.01% Val Loss: 1.2792 Val Acc: 70.73% LR: 0.001339 Time: 96.35s
2025-12-24 19:33:03,773 - INFO - Epoch [40/100] Batch [0/52] Loss: 0.4765 Acc: 99.22%
2025-12-24 19:33:35,954 - INFO - Epoch [40/100] Batch [20/52] Loss: 0.5199 Acc: 98.03%
2025-12-24 19:34:08,360 - INFO - Epoch [40/100] Batch [40/52] Loss: 0.4698 Acc: 98.21%
2025-12-24 19:34:36,843 - INFO - Epoch [41/100] Train Loss: 0.4944 Train Acc: 98.12% Val Loss: 1.2709 Val Acc: 70.67% LR: 0.001309 Time: 94.57s
2025-12-24 19:34:38,342 - INFO - Epoch [41/100] Batch [0/52] Loss: 0.4600 Acc: 100.00%
2025-12-24 19:35:13,264 - INFO - Epoch [41/100] Batch [20/52] Loss: 0.5185 Acc: 98.40%
2025-12-24 19:35:44,795 - INFO - Epoch [41/100] Batch [40/52] Loss: 0.4727 Acc: 98.19%
2025-12-24 19:36:13,317 - INFO - Epoch [42/100] Train Loss: 0.4924 Train Acc: 98.12% Val Loss: 1.2991 Val Acc: 69.65% LR: 0.001279 Time: 96.47s
2025-12-24 19:36:14,831 - INFO - Epoch [42/100] Batch [0/52] Loss: 0.4918 Acc: 98.44%
2025-12-24 19:36:46,145 - INFO - Epoch [42/100] Batch [20/52] Loss: 0.4789 Acc: 98.25%
2025-12-24 19:37:18,143 - INFO - Epoch [42/100] Batch [40/52] Loss: 0.4784 Acc: 97.98%
2025-12-24 19:37:48,274 - INFO - Epoch [43/100] Train Loss: 0.4939 Train Acc: 97.98% Val Loss: 1.3284 Val Acc: 69.59% LR: 0.001249 Time: 94.96s
2025-12-24 19:37:49,923 - INFO - Epoch [43/100] Batch [0/52] Loss: 0.4959 Acc: 96.88%
2025-12-24 19:38:22,173 - INFO - Epoch [43/100] Batch [20/52] Loss: 0.4902 Acc: 98.07%
2025-12-24 19:38:53,622 - INFO - Epoch [43/100] Batch [40/52] Loss: 0.4841 Acc: 98.13%
2025-12-24 19:39:22,728 - INFO - Epoch [44/100] Train Loss: 0.4899 Train Acc: 98.16% Val Loss: 1.3303 Val Acc: 70.37% LR: 0.001219 Time: 94.45s
2025-12-24 19:39:24,272 - INFO - Epoch [44/100] Batch [0/52] Loss: 0.4903 Acc: 97.66%
2025-12-24 19:39:57,650 - INFO - Epoch [44/100] Batch [20/52] Loss: 0.4868 Acc: 98.21%
2025-12-24 19:40:29,793 - INFO - Epoch [44/100] Batch [40/52] Loss: 0.4964 Acc: 97.96%
2025-12-24 19:40:58,449 - INFO - Epoch [45/100] Train Loss: 0.4943 Train Acc: 97.91% Val Loss: 1.2654 Val Acc: 69.59% LR: 0.001188 Time: 95.72s
2025-12-24 19:41:00,057 - INFO - Epoch [45/100] Batch [0/52] Loss: 0.4629 Acc: 99.22%
2025-12-24 19:41:30,759 - INFO - Epoch [45/100] Batch [20/52] Loss: 0.4609 Acc: 98.74%
2025-12-24 19:42:02,364 - INFO - Epoch [45/100] Batch [40/52] Loss: 0.4855 Acc: 98.44%
2025-12-24 19:42:31,148 - INFO - Epoch [46/100] Train Loss: 0.4833 Train Acc: 98.51% Val Loss: 1.2782 Val Acc: 70.79% LR: 0.001157 Time: 92.70s
2025-12-24 19:42:32,693 - INFO - Epoch [46/100] Batch [0/52] Loss: 0.4790 Acc: 98.44%
2025-12-24 19:43:04,374 - INFO - Epoch [46/100] Batch [20/52] Loss: 0.4821 Acc: 99.29%
2025-12-24 19:43:36,094 - INFO - Epoch [46/100] Batch [40/52] Loss: 0.4827 Acc: 98.80%
2025-12-24 19:44:04,584 - INFO - Epoch [47/100] Train Loss: 0.4785 Train Acc: 98.80% Val Loss: 1.3227 Val Acc: 70.13% LR: 0.001126 Time: 93.44s
2025-12-24 19:44:06,149 - INFO - Epoch [47/100] Batch [0/52] Loss: 0.4575 Acc: 100.00%
2025-12-24 19:44:37,823 - INFO - Epoch [47/100] Batch [20/52] Loss: 0.4653 Acc: 98.96%
2025-12-24 19:45:08,293 - INFO - Epoch [47/100] Batch [40/52] Loss: 0.4974 Acc: 98.74%
2025-12-24 19:45:37,685 - INFO - Epoch [48/100] Train Loss: 0.4793 Train Acc: 98.64% Val Loss: 1.3294 Val Acc: 70.31% LR: 0.001095 Time: 93.10s
2025-12-24 19:45:39,218 - INFO - Epoch [48/100] Batch [0/52] Loss: 0.4825 Acc: 99.22%
2025-12-24 19:46:09,815 - INFO - Epoch [48/100] Batch [20/52] Loss: 0.4675 Acc: 98.92%
2025-12-24 19:46:40,730 - INFO - Epoch [48/100] Batch [40/52] Loss: 0.4839 Acc: 98.59%
2025-12-24 19:47:10,794 - INFO - Epoch [49/100] Train Loss: 0.4783 Train Acc: 98.63% Val Loss: 1.2906 Val Acc: 70.91% LR: 0.001063 Time: 93.11s
2025-12-24 19:47:12,335 - INFO - Epoch [49/100] Batch [0/52] Loss: 0.4855 Acc: 98.44%
2025-12-24 19:47:44,457 - INFO - Epoch [49/100] Batch [20/52] Loss: 0.4756 Acc: 98.70%
2025-12-24 19:48:15,440 - INFO - Epoch [49/100] Batch [40/52] Loss: 0.4997 Acc: 98.69%
2025-12-24 19:48:44,598 - INFO - Epoch [50/100] Train Loss: 0.4809 Train Acc: 98.63% Val Loss: 1.3223 Val Acc: 70.13% LR: 0.001032 Time: 93.80s
2025-12-24 19:48:46,217 - INFO - Epoch [50/100] Batch [0/52] Loss: 0.4528 Acc: 100.00%
2025-12-24 19:49:17,536 - INFO - Epoch [50/100] Batch [20/52] Loss: 0.4630 Acc: 98.88%
2025-12-24 19:49:49,075 - INFO - Epoch [50/100] Batch [40/52] Loss: 0.4707 Acc: 98.89%
2025-12-24 19:50:18,690 - INFO - Epoch [51/100] Train Loss: 0.4779 Train Acc: 98.84% Val Loss: 1.3503 Val Acc: 69.23% LR: 0.001001 Time: 94.09s
2025-12-24 19:50:20,320 - INFO - Epoch [51/100] Batch [0/52] Loss: 0.4748 Acc: 98.44%
2025-12-24 19:50:52,113 - INFO - Epoch [51/100] Batch [20/52] Loss: 0.4861 Acc: 98.51%
2025-12-24 19:51:23,959 - INFO - Epoch [51/100] Batch [40/52] Loss: 0.4608 Acc: 98.55%
2025-12-24 19:51:55,616 - INFO - Epoch [52/100] Train Loss: 0.4814 Train Acc: 98.58% Val Loss: 1.3275 Val Acc: 69.83% LR: 0.000969 Time: 96.93s
2025-12-24 19:51:57,304 - INFO - Epoch [52/100] Batch [0/52] Loss: 0.4538 Acc: 100.00%
2025-12-24 19:52:33,326 - INFO - Epoch [52/100] Batch [20/52] Loss: 0.4967 Acc: 99.18%
2025-12-24 19:53:05,608 - INFO - Epoch [52/100] Batch [40/52] Loss: 0.5030 Acc: 98.89%
2025-12-24 19:53:35,253 - INFO - Epoch [53/100] Train Loss: 0.4754 Train Acc: 98.83% Val Loss: 1.3854 Val Acc: 68.57% LR: 0.000938 Time: 99.64s
2025-12-24 19:53:36,856 - INFO - Epoch [53/100] Batch [0/52] Loss: 0.4586 Acc: 100.00%
2025-12-24 19:54:09,200 - INFO - Epoch [53/100] Batch [20/52] Loss: 0.4812 Acc: 99.00%
2025-12-24 19:54:41,971 - INFO - Epoch [53/100] Batch [40/52] Loss: 0.4684 Acc: 98.91%
2025-12-24 19:55:16,003 - INFO - Epoch [54/100] Train Loss: 0.4732 Train Acc: 98.87% Val Loss: 1.2988 Val Acc: 70.31% LR: 0.000906 Time: 100.75s
2025-12-24 19:55:18,342 - INFO - Epoch [54/100] Batch [0/52] Loss: 0.4763 Acc: 99.22%
2025-12-24 19:55:52,142 - INFO - Epoch [54/100] Batch [20/52] Loss: 0.4835 Acc: 99.26%
2025-12-24 19:56:24,535 - INFO - Epoch [54/100] Batch [40/52] Loss: 0.4721 Acc: 99.22%
2025-12-24 19:56:54,067 - INFO - Epoch [55/100] Train Loss: 0.4688 Train Acc: 99.20% Val Loss: 1.3145 Val Acc: 70.61% LR: 0.000875 Time: 98.06s
2025-12-24 19:56:55,732 - INFO - Epoch [55/100] Batch [0/52] Loss: 0.4867 Acc: 99.22%
2025-12-24 19:57:29,471 - INFO - Epoch [55/100] Batch [20/52] Loss: 0.4944 Acc: 98.77%
2025-12-24 19:58:00,952 - INFO - Epoch [55/100] Batch [40/52] Loss: 0.4666 Acc: 98.88%
2025-12-24 19:58:30,153 - INFO - Epoch [56/100] Train Loss: 0.4722 Train Acc: 99.01% Val Loss: 1.3167 Val Acc: 70.73% LR: 0.000844 Time: 96.09s
2025-12-24 19:58:31,825 - INFO - Epoch [56/100] Batch [0/52] Loss: 0.5289 Acc: 96.88%
2025-12-24 19:59:04,387 - INFO - Epoch [56/100] Batch [20/52] Loss: 0.4594 Acc: 98.59%
2025-12-24 19:59:37,068 - INFO - Epoch [56/100] Batch [40/52] Loss: 0.4494 Acc: 98.76%
2025-12-24 20:00:07,148 - INFO - Epoch [57/100] Train Loss: 0.4729 Train Acc: 98.77% Val Loss: 1.3232 Val Acc: 70.19% LR: 0.000813 Time: 96.99s
2025-12-24 20:00:08,735 - INFO - Epoch [57/100] Batch [0/52] Loss: 0.4657 Acc: 99.22%
2025-12-24 20:00:42,156 - INFO - Epoch [57/100] Batch [20/52] Loss: 0.4623 Acc: 99.07%
2025-12-24 20:01:19,578 - INFO - Epoch [57/100] Batch [40/52] Loss: 0.4519 Acc: 99.03%
2025-12-24 20:01:49,264 - INFO - Epoch [58/100] Train Loss: 0.4673 Train Acc: 99.01% Val Loss: 1.3466 Val Acc: 69.65% LR: 0.000782 Time: 102.12s
2025-12-24 20:01:50,874 - INFO - Epoch [58/100] Batch [0/52] Loss: 0.4542 Acc: 100.00%
2025-12-24 20:02:22,731 - INFO - Epoch [58/100] Batch [20/52] Loss: 0.4490 Acc: 99.29%
2025-12-24 20:02:59,272 - INFO - Epoch [58/100] Batch [40/52] Loss: 0.4518 Acc: 99.24%
2025-12-24 20:03:29,305 - INFO - Epoch [59/100] Train Loss: 0.4694 Train Acc: 99.08% Val Loss: 1.3460 Val Acc: 70.43% LR: 0.000752 Time: 100.04s
2025-12-24 20:03:30,973 - INFO - Epoch [59/100] Batch [0/52] Loss: 0.4679 Acc: 99.22%
2025-12-24 20:04:03,026 - INFO - Epoch [59/100] Batch [20/52] Loss: 0.4855 Acc: 98.74%
2025-12-24 20:04:35,492 - INFO - Epoch [59/100] Batch [40/52] Loss: 0.4636 Acc: 98.72%
2025-12-24 20:05:04,561 - INFO - Epoch [60/100] Train Loss: 0.4754 Train Acc: 98.77% Val Loss: 1.3438 Val Acc: 70.31% LR: 0.000722 Time: 95.26s
2025-12-24 20:05:06,151 - INFO - Epoch [60/100] Batch [0/52] Loss: 0.4497 Acc: 100.00%
2025-12-24 20:05:37,763 - INFO - Epoch [60/100] Batch [20/52] Loss: 0.4505 Acc: 99.26%
2025-12-24 20:06:08,593 - INFO - Epoch [60/100] Batch [40/52] Loss: 0.4638 Acc: 99.26%
2025-12-24 20:06:42,128 - INFO - Epoch [61/100] Train Loss: 0.4666 Train Acc: 99.20% Val Loss: 1.3205 Val Acc: 70.67% LR: 0.000692 Time: 97.57s
2025-12-24 20:06:43,689 - INFO - Epoch [61/100] Batch [0/52] Loss: 0.4501 Acc: 100.00%
2025-12-24 20:07:16,575 - INFO - Epoch [61/100] Batch [20/52] Loss: 0.4552 Acc: 99.26%
2025-12-24 20:07:48,171 - INFO - Epoch [61/100] Batch [40/52] Loss: 0.4749 Acc: 99.39%
2025-12-24 20:08:21,498 - INFO - Epoch [62/100] Train Loss: 0.4616 Train Acc: 99.40% Val Loss: 1.3377 Val Acc: 70.55% LR: 0.000662 Time: 99.37s
2025-12-24 20:08:23,085 - INFO - Epoch [62/100] Batch [0/52] Loss: 0.4724 Acc: 99.22%
2025-12-24 20:08:54,894 - INFO - Epoch [62/100] Batch [20/52] Loss: 0.4496 Acc: 99.40%
2025-12-24 20:09:29,140 - INFO - Epoch [62/100] Batch [40/52] Loss: 0.4764 Acc: 99.28%
2025-12-24 20:09:57,628 - INFO - Epoch [63/100] Train Loss: 0.4667 Train Acc: 99.29% Val Loss: 1.3130 Val Acc: 70.91% LR: 0.000633 Time: 96.13s
2025-12-24 20:09:59,196 - INFO - Epoch [63/100] Batch [0/52] Loss: 0.4955 Acc: 97.66%
2025-12-24 20:10:31,658 - INFO - Epoch [63/100] Batch [20/52] Loss: 0.4556 Acc: 99.07%
2025-12-24 20:11:04,205 - INFO - Epoch [63/100] Batch [40/52] Loss: 0.4641 Acc: 99.05%
2025-12-24 20:11:33,647 - INFO - Epoch [64/100] Train Loss: 0.4672 Train Acc: 99.16% Val Loss: 1.3063 Val Acc: 70.37% LR: 0.000604 Time: 96.02s
2025-12-24 20:11:35,217 - INFO - Epoch [64/100] Batch [0/52] Loss: 0.4545 Acc: 99.22%
2025-12-24 20:12:08,044 - INFO - Epoch [64/100] Batch [20/52] Loss: 0.4652 Acc: 99.52%
2025-12-24 20:12:39,767 - INFO - Epoch [64/100] Batch [40/52] Loss: 0.4593 Acc: 99.47%
2025-12-24 20:13:09,478 - INFO - Epoch [65/100] Train Loss: 0.4621 Train Acc: 99.43% Val Loss: 1.3219 Val Acc: 70.31% LR: 0.000575 Time: 95.83s
2025-12-24 20:13:11,036 - INFO - Epoch [65/100] Batch [0/52] Loss: 0.4513 Acc: 100.00%
2025-12-24 20:13:43,445 - INFO - Epoch [65/100] Batch [20/52] Loss: 0.4572 Acc: 99.59%
2025-12-24 20:14:15,814 - INFO - Epoch [65/100] Batch [40/52] Loss: 0.4525 Acc: 99.43%
2025-12-24 20:14:45,275 - INFO - Epoch [66/100] Train Loss: 0.4615 Train Acc: 99.43% Val Loss: 1.3462 Val Acc: 69.77% LR: 0.000547 Time: 95.80s
2025-12-24 20:14:46,831 - INFO - Epoch [66/100] Batch [0/52] Loss: 0.4494 Acc: 100.00%
2025-12-24 20:15:19,146 - INFO - Epoch [66/100] Batch [20/52] Loss: 0.4736 Acc: 99.07%
2025-12-24 20:15:51,743 - INFO - Epoch [66/100] Batch [40/52] Loss: 0.4633 Acc: 99.16%
2025-12-24 20:16:23,039 - INFO - Epoch [67/100] Train Loss: 0.4647 Train Acc: 99.22% Val Loss: 1.3378 Val Acc: 70.91% LR: 0.000519 Time: 97.76s
2025-12-24 20:16:24,693 - INFO - Epoch [67/100] Batch [0/52] Loss: 0.4502 Acc: 100.00%
2025-12-24 20:16:56,808 - INFO - Epoch [67/100] Batch [20/52] Loss: 0.4620 Acc: 99.26%
2025-12-24 20:17:28,833 - INFO - Epoch [67/100] Batch [40/52] Loss: 0.4789 Acc: 99.31%
2025-12-24 20:18:00,137 - INFO - Epoch [68/100] Train Loss: 0.4604 Train Acc: 99.38% Val Loss: 1.3243 Val Acc: 70.13% LR: 0.000492 Time: 97.10s
2025-12-24 20:18:01,728 - INFO - Epoch [68/100] Batch [0/52] Loss: 0.4541 Acc: 100.00%
2025-12-24 20:18:34,058 - INFO - Epoch [68/100] Batch [20/52] Loss: 0.4550 Acc: 99.55%
2025-12-24 20:19:06,166 - INFO - Epoch [68/100] Batch [40/52] Loss: 0.4674 Acc: 99.60%
2025-12-24 20:19:37,720 - INFO - Epoch [69/100] Train Loss: 0.4573 Train Acc: 99.59% Val Loss: 1.3195 Val Acc: 71.21% LR: 0.000465 Time: 97.58s
2025-12-24 20:19:39,351 - INFO - Epoch [69/100] Batch [0/52] Loss: 0.4828 Acc: 98.44%
2025-12-24 20:20:14,760 - INFO - Epoch [69/100] Batch [20/52] Loss: 0.4668 Acc: 99.63%
2025-12-24 20:20:46,075 - INFO - Epoch [69/100] Batch [40/52] Loss: 0.4524 Acc: 99.66%
2025-12-24 20:21:17,589 - INFO - Epoch [70/100] Train Loss: 0.4574 Train Acc: 99.61% Val Loss: 1.3250 Val Acc: 70.49% LR: 0.000439 Time: 99.87s
2025-12-24 20:21:19,286 - INFO - Epoch [70/100] Batch [0/52] Loss: 0.4500 Acc: 100.00%
2025-12-24 20:21:51,257 - INFO - Epoch [70/100] Batch [20/52] Loss: 0.4496 Acc: 99.70%
2025-12-24 20:22:23,353 - INFO - Epoch [70/100] Batch [40/52] Loss: 0.4512 Acc: 99.64%
2025-12-24 20:22:52,850 - INFO - Epoch [71/100] Train Loss: 0.4585 Train Acc: 99.53% Val Loss: 1.3198 Val Acc: 70.25% LR: 0.000413 Time: 95.26s
2025-12-24 20:22:54,460 - INFO - Epoch [71/100] Batch [0/52] Loss: 0.4642 Acc: 98.44%
2025-12-24 20:23:26,497 - INFO - Epoch [71/100] Batch [20/52] Loss: 0.4507 Acc: 99.55%
2025-12-24 20:23:58,517 - INFO - Epoch [71/100] Batch [40/52] Loss: 0.5063 Acc: 99.56%
2025-12-24 20:24:29,189 - INFO - Epoch [72/100] Train Loss: 0.4579 Train Acc: 99.53% Val Loss: 1.3271 Val Acc: 71.15% LR: 0.000388 Time: 96.34s
2025-12-24 20:24:30,802 - INFO - Epoch [72/100] Batch [0/52] Loss: 0.4481 Acc: 100.00%
2025-12-24 20:25:02,805 - INFO - Epoch [72/100] Batch [20/52] Loss: 0.4717 Acc: 99.52%
2025-12-24 20:25:35,008 - INFO - Epoch [72/100] Batch [40/52] Loss: 0.4488 Acc: 99.45%
2025-12-24 20:26:05,566 - INFO - Epoch [73/100] Train Loss: 0.4605 Train Acc: 99.46% Val Loss: 1.3482 Val Acc: 70.55% LR: 0.000363 Time: 96.38s
2025-12-24 20:26:07,252 - INFO - Epoch [73/100] Batch [0/52] Loss: 0.4489 Acc: 100.00%
2025-12-24 20:26:40,086 - INFO - Epoch [73/100] Batch [20/52] Loss: 0.4505 Acc: 99.37%
2025-12-24 20:27:13,503 - INFO - Epoch [73/100] Batch [40/52] Loss: 0.4554 Acc: 99.47%
2025-12-24 20:27:42,911 - INFO - Epoch [74/100] Train Loss: 0.4581 Train Acc: 99.49% Val Loss: 1.3307 Val Acc: 71.09% LR: 0.000340 Time: 97.34s
2025-12-24 20:27:44,509 - INFO - Epoch [74/100] Batch [0/52] Loss: 0.4626 Acc: 99.22%
2025-12-24 20:28:17,035 - INFO - Epoch [74/100] Batch [20/52] Loss: 0.4517 Acc: 99.52%
2025-12-24 20:28:49,064 - INFO - Epoch [74/100] Batch [40/52] Loss: 0.4486 Acc: 99.52%
2025-12-24 20:29:18,016 - INFO - Epoch [75/100] Train Loss: 0.4586 Train Acc: 99.53% Val Loss: 1.3128 Val Acc: 71.33% LR: 0.000316 Time: 95.10s
2025-12-24 20:29:19,557 - INFO - Epoch [75/100] Batch [0/52] Loss: 0.4534 Acc: 100.00%
2025-12-24 20:29:50,948 - INFO - Epoch [75/100] Batch [20/52] Loss: 0.4489 Acc: 99.63%
2025-12-24 20:30:22,983 - INFO - Epoch [75/100] Batch [40/52] Loss: 0.4672 Acc: 99.70%
2025-12-24 20:30:53,287 - INFO - Epoch [76/100] Train Loss: 0.4541 Train Acc: 99.71% Val Loss: 1.3191 Val Acc: 71.27% LR: 0.000294 Time: 95.27s
2025-12-24 20:30:54,964 - INFO - Epoch [76/100] Batch [0/52] Loss: 0.4494 Acc: 100.00%
2025-12-24 20:31:27,785 - INFO - Epoch [76/100] Batch [20/52] Loss: 0.4505 Acc: 99.78%
2025-12-24 20:31:59,921 - INFO - Epoch [76/100] Batch [40/52] Loss: 0.4767 Acc: 99.71%
2025-12-24 20:32:33,350 - INFO - Epoch [77/100] Train Loss: 0.4544 Train Acc: 99.67% Val Loss: 1.3283 Val Acc: 70.79% LR: 0.000272 Time: 100.06s
2025-12-24 20:32:34,936 - INFO - Epoch [77/100] Batch [0/52] Loss: 0.4595 Acc: 99.22%
2025-12-24 20:33:07,286 - INFO - Epoch [77/100] Batch [20/52] Loss: 0.4580 Acc: 99.63%
2025-12-24 20:33:39,315 - INFO - Epoch [77/100] Batch [40/52] Loss: 0.4492 Acc: 99.52%
2025-12-24 20:34:09,161 - INFO - Epoch [78/100] Train Loss: 0.4580 Train Acc: 99.49% Val Loss: 1.3053 Val Acc: 71.33% LR: 0.000251 Time: 95.81s
2025-12-24 20:34:10,755 - INFO - Epoch [78/100] Batch [0/52] Loss: 0.4525 Acc: 100.00%
2025-12-24 20:34:43,962 - INFO - Epoch [78/100] Batch [20/52] Loss: 0.4818 Acc: 99.78%
2025-12-24 20:35:16,980 - INFO - Epoch [78/100] Batch [40/52] Loss: 0.4554 Acc: 99.71%
2025-12-24 20:35:49,246 - INFO - Epoch [79/100] Train Loss: 0.4555 Train Acc: 99.67% Val Loss: 1.3174 Val Acc: 71.15% LR: 0.000230 Time: 100.08s
2025-12-24 20:35:50,872 - INFO - Epoch [79/100] Batch [0/52] Loss: 0.4494 Acc: 100.00%
2025-12-24 20:36:23,753 - INFO - Epoch [79/100] Batch [20/52] Loss: 0.4621 Acc: 99.63%
2025-12-24 20:36:55,723 - INFO - Epoch [79/100] Batch [40/52] Loss: 0.4478 Acc: 99.58%
2025-12-24 20:37:26,335 - INFO - Epoch [80/100] Train Loss: 0.4564 Train Acc: 99.61% Val Loss: 1.3361 Val Acc: 70.49% LR: 0.000211 Time: 97.09s
2025-12-24 20:37:27,992 - INFO - Epoch [80/100] Batch [0/52] Loss: 0.4482 Acc: 100.00%
2025-12-24 20:38:00,069 - INFO - Epoch [80/100] Batch [20/52] Loss: 0.4499 Acc: 99.70%
2025-12-24 20:38:32,582 - INFO - Epoch [80/100] Batch [40/52] Loss: 0.4490 Acc: 99.66%
2025-12-24 20:39:02,746 - INFO - Epoch [81/100] Train Loss: 0.4573 Train Acc: 99.58% Val Loss: 1.3436 Val Acc: 70.25% LR: 0.000192 Time: 96.41s
2025-12-24 20:39:04,408 - INFO - Epoch [81/100] Batch [0/52] Loss: 0.4494 Acc: 100.00%
2025-12-24 20:39:37,055 - INFO - Epoch [81/100] Batch [20/52] Loss: 0.4710 Acc: 99.59%
2025-12-24 20:40:08,686 - INFO - Epoch [81/100] Batch [40/52] Loss: 0.4480 Acc: 99.50%
2025-12-24 20:40:38,299 - INFO - Epoch [82/100] Train Loss: 0.4560 Train Acc: 99.55% Val Loss: 1.3384 Val Acc: 70.97% LR: 0.000174 Time: 95.55s
2025-12-24 20:40:39,921 - INFO - Epoch [82/100] Batch [0/52] Loss: 0.4476 Acc: 100.00%
2025-12-24 20:41:12,043 - INFO - Epoch [82/100] Batch [20/52] Loss: 0.4752 Acc: 99.55%
2025-12-24 20:41:43,959 - INFO - Epoch [82/100] Batch [40/52] Loss: 0.4479 Acc: 99.58%
2025-12-24 20:42:12,573 - INFO - Epoch [83/100] Train Loss: 0.4548 Train Acc: 99.61% Val Loss: 1.3331 Val Acc: 70.85% LR: 0.000157 Time: 94.27s
2025-12-24 20:42:14,168 - INFO - Epoch [83/100] Batch [0/52] Loss: 0.4601 Acc: 99.22%
2025-12-24 20:42:46,026 - INFO - Epoch [83/100] Batch [20/52] Loss: 0.4786 Acc: 99.59%
2025-12-24 20:43:18,237 - INFO - Epoch [83/100] Batch [40/52] Loss: 0.4475 Acc: 99.58%
2025-12-24 20:43:52,236 - INFO - Epoch [84/100] Train Loss: 0.4563 Train Acc: 99.58% Val Loss: 1.3311 Val Acc: 70.85% LR: 0.000140 Time: 99.66s
2025-12-24 20:43:54,632 - INFO - Epoch [84/100] Batch [0/52] Loss: 0.4496 Acc: 100.00%
2025-12-24 20:44:29,574 - INFO - Epoch [84/100] Batch [20/52] Loss: 0.4503 Acc: 99.70%
2025-12-24 20:45:02,136 - INFO - Epoch [84/100] Batch [40/52] Loss: 0.4483 Acc: 99.75%
2025-12-24 20:45:32,036 - INFO - Epoch [85/100] Train Loss: 0.4524 Train Acc: 99.79% Val Loss: 1.3355 Val Acc: 71.09% LR: 0.000125 Time: 99.80s
2025-12-24 20:45:34,384 - INFO - Epoch [85/100] Batch [0/52] Loss: 0.4492 Acc: 100.00%
2025-12-24 20:46:08,374 - INFO - Epoch [85/100] Batch [20/52] Loss: 0.4579 Acc: 99.78%
2025-12-24 20:46:41,334 - INFO - Epoch [85/100] Batch [40/52] Loss: 0.4496 Acc: 99.77%
2025-12-24 20:47:12,271 - INFO - Epoch [86/100] Train Loss: 0.4533 Train Acc: 99.76% Val Loss: 1.3404 Val Acc: 71.39% LR: 0.000110 Time: 100.23s
2025-12-24 20:47:13,958 - INFO - Epoch [86/100] Batch [0/52] Loss: 0.4490 Acc: 100.00%
2025-12-24 20:47:46,568 - INFO - Epoch [86/100] Batch [20/52] Loss: 0.4586 Acc: 99.59%
2025-12-24 20:48:20,176 - INFO - Epoch [86/100] Batch [40/52] Loss: 0.4504 Acc: 99.71%
2025-12-24 20:48:49,666 - INFO - Epoch [87/100] Train Loss: 0.4534 Train Acc: 99.71% Val Loss: 1.3376 Val Acc: 71.45% LR: 0.000096 Time: 97.39s
2025-12-24 20:48:51,217 - INFO - Epoch [87/100] Batch [0/52] Loss: 0.4481 Acc: 100.00%
2025-12-24 20:49:26,293 - INFO - Epoch [87/100] Batch [20/52] Loss: 0.4571 Acc: 99.63%
2025-12-24 20:50:00,173 - INFO - Epoch [87/100] Batch [40/52] Loss: 0.4612 Acc: 99.70%
2025-12-24 20:50:30,790 - INFO - Epoch [88/100] Train Loss: 0.4547 Train Acc: 99.71% Val Loss: 1.3343 Val Acc: 71.27% LR: 0.000083 Time: 101.12s
2025-12-24 20:50:32,487 - INFO - Epoch [88/100] Batch [0/52] Loss: 0.4483 Acc: 100.00%
2025-12-24 20:51:04,993 - INFO - Epoch [88/100] Batch [20/52] Loss: 0.4633 Acc: 99.78%
2025-12-24 20:51:37,064 - INFO - Epoch [88/100] Batch [40/52] Loss: 0.4482 Acc: 99.71%
2025-12-24 20:52:07,063 - INFO - Epoch [89/100] Train Loss: 0.4535 Train Acc: 99.71% Val Loss: 1.3316 Val Acc: 71.15% LR: 0.000071 Time: 96.27s
2025-12-24 20:52:08,665 - INFO - Epoch [89/100] Batch [0/52] Loss: 0.4509 Acc: 100.00%
2025-12-24 20:52:40,589 - INFO - Epoch [89/100] Batch [20/52] Loss: 0.4472 Acc: 99.67%
2025-12-24 20:53:12,796 - INFO - Epoch [89/100] Batch [40/52] Loss: 0.4475 Acc: 99.71%
2025-12-24 20:53:42,368 - INFO - Epoch [90/100] Train Loss: 0.4545 Train Acc: 99.68% Val Loss: 1.3235 Val Acc: 71.03% LR: 0.000060 Time: 95.30s
2025-12-24 20:53:44,065 - INFO - Epoch [90/100] Batch [0/52] Loss: 0.4540 Acc: 99.22%
2025-12-24 20:54:17,174 - INFO - Epoch [90/100] Batch [20/52] Loss: 0.4781 Acc: 99.74%
2025-12-24 20:54:49,929 - INFO - Epoch [90/100] Batch [40/52] Loss: 0.4483 Acc: 99.81%
2025-12-24 20:55:21,227 - INFO - Epoch [91/100] Train Loss: 0.4530 Train Acc: 99.77% Val Loss: 1.3261 Val Acc: 70.97% LR: 0.000050 Time: 98.86s
2025-12-24 20:55:22,862 - INFO - Epoch [91/100] Batch [0/52] Loss: 0.4473 Acc: 100.00%
2025-12-24 20:55:54,944 - INFO - Epoch [91/100] Batch [20/52] Loss: 0.4477 Acc: 99.70%
2025-12-24 20:56:27,595 - INFO - Epoch [91/100] Batch [40/52] Loss: 0.4503 Acc: 99.70%
2025-12-24 20:56:58,286 - INFO - Epoch [92/100] Train Loss: 0.4536 Train Acc: 99.73% Val Loss: 1.3288 Val Acc: 71.15% LR: 0.000041 Time: 97.06s
2025-12-24 20:56:59,955 - INFO - Epoch [92/100] Batch [0/52] Loss: 0.4652 Acc: 99.22%
2025-12-24 20:57:32,937 - INFO - Epoch [92/100] Batch [20/52] Loss: 0.4547 Acc: 99.67%
2025-12-24 20:58:05,601 - INFO - Epoch [92/100] Batch [40/52] Loss: 0.4508 Acc: 99.70%
2025-12-24 20:58:35,706 - INFO - Epoch [93/100] Train Loss: 0.4532 Train Acc: 99.68% Val Loss: 1.3349 Val Acc: 70.97% LR: 0.000032 Time: 97.42s
2025-12-24 20:58:37,336 - INFO - Epoch [93/100] Batch [0/52] Loss: 0.4482 Acc: 100.00%
2025-12-24 20:59:09,819 - INFO - Epoch [93/100] Batch [20/52] Loss: 0.4478 Acc: 99.67%
2025-12-24 20:59:42,386 - INFO - Epoch [93/100] Batch [40/52] Loss: 0.4546 Acc: 99.75%
2025-12-24 21:00:12,518 - INFO - Epoch [94/100] Train Loss: 0.4525 Train Acc: 99.70% Val Loss: 1.3237 Val Acc: 71.27% LR: 0.000025 Time: 96.81s
2025-12-24 21:00:14,147 - INFO - Epoch [94/100] Batch [0/52] Loss: 0.4498 Acc: 100.00%
2025-12-24 21:00:46,355 - INFO - Epoch [94/100] Batch [20/52] Loss: 0.4476 Acc: 99.70%
2025-12-24 21:01:18,671 - INFO - Epoch [94/100] Batch [40/52] Loss: 0.4504 Acc: 99.77%
2025-12-24 21:01:49,365 - INFO - Epoch [95/100] Train Loss: 0.4535 Train Acc: 99.76% Val Loss: 1.3253 Val Acc: 71.33% LR: 0.000019 Time: 96.85s
2025-12-24 21:01:51,008 - INFO - Epoch [95/100] Batch [0/52] Loss: 0.4478 Acc: 100.00%
2025-12-24 21:02:27,771 - INFO - Epoch [95/100] Batch [20/52] Loss: 0.4518 Acc: 99.85%
2025-12-24 21:03:00,015 - INFO - Epoch [95/100] Batch [40/52] Loss: 0.4567 Acc: 99.79%
2025-12-24 21:03:29,742 - INFO - Epoch [96/100] Train Loss: 0.4531 Train Acc: 99.73% Val Loss: 1.3287 Val Acc: 71.27% LR: 0.000013 Time: 100.38s
2025-12-24 21:03:31,294 - INFO - Epoch [96/100] Batch [0/52] Loss: 0.4491 Acc: 100.00%
2025-12-24 21:04:02,830 - INFO - Epoch [96/100] Batch [20/52] Loss: 0.4673 Acc: 99.74%
2025-12-24 21:04:34,988 - INFO - Epoch [96/100] Batch [40/52] Loss: 0.4476 Acc: 99.73%
2025-12-24 21:05:05,220 - INFO - Epoch [97/100] Train Loss: 0.4530 Train Acc: 99.73% Val Loss: 1.3268 Val Acc: 71.09% LR: 0.000009 Time: 95.48s
2025-12-24 21:05:06,853 - INFO - Epoch [97/100] Batch [0/52] Loss: 0.4489 Acc: 100.00%
2025-12-24 21:05:39,511 - INFO - Epoch [97/100] Batch [20/52] Loss: 0.4511 Acc: 99.74%
2025-12-24 21:06:13,499 - INFO - Epoch [97/100] Batch [40/52] Loss: 0.4475 Acc: 99.70%
2025-12-24 21:06:46,192 - INFO - Epoch [98/100] Train Loss: 0.4527 Train Acc: 99.73% Val Loss: 1.3259 Val Acc: 71.15% LR: 0.000005 Time: 100.97s
2025-12-24 21:06:47,853 - INFO - Epoch [98/100] Batch [0/52] Loss: 0.4705 Acc: 99.22%
2025-12-24 21:07:20,010 - INFO - Epoch [98/100] Batch [20/52] Loss: 0.4472 Acc: 99.59%
2025-12-24 21:07:53,109 - INFO - Epoch [98/100] Batch [40/52] Loss: 0.4471 Acc: 99.66%
2025-12-24 21:08:23,483 - INFO - Epoch [99/100] Train Loss: 0.4551 Train Acc: 99.64% Val Loss: 1.3263 Val Acc: 71.21% LR: 0.000003 Time: 97.29s
2025-12-24 21:08:25,133 - INFO - Epoch [99/100] Batch [0/52] Loss: 0.4517 Acc: 100.00%
2025-12-24 21:08:58,210 - INFO - Epoch [99/100] Batch [20/52] Loss: 0.4529 Acc: 99.81%
2025-12-24 21:09:31,029 - INFO - Epoch [99/100] Batch [40/52] Loss: 0.4732 Acc: 99.75%
2025-12-24 21:10:02,250 - INFO - Epoch [100/100] Train Loss: 0.4535 Train Acc: 99.74% Val Loss: 1.3229 Val Acc: 71.21% LR: 0.000001 Time: 98.77s
2025-12-24 21:10:02,250 - INFO - 训练完成! 最佳验证准确率: 71.75%
2025-12-24 21:10:02,250 - INFO - 总训练时间: 2.69 小时 (9669.9 秒)
2025-12-24 21:10:02,250 - INFO - 训练摘要保存到: outputs/standard_train_20251224_182530/training_summary.txt
